<?xml version="1.0" encoding="UTF-8"?>
<!-- Generated by org.testng.reporters.JUnitReportReporter -->
<testsuite hostname="LTAU00496" failures="0" tests="1" name="co.testerpackage.TesterClass" time="16.860" errors="0" timestamp="10 Sep 2019 03:30:16 GMT" skipped="0">
  <testcase classname="co.testerpackage.TesterClass" name="returnTicket" time="16.860"/>
</testsuite> <!-- co.testerpackage.TesterClass -->
